2021-11-11 17:39:55,801 INFO notifyConnectTimeout:200

2021-11-11 17:39:55,812 INFO notifySocketTimeout:8000

2021-11-11 17:39:55,813 INFO isHealthCheck:true

2021-11-11 17:39:55,815 INFO maxHealthCheckFailCount:12

2021-11-11 17:39:55,816 INFO maxContent:10485760

2021-11-11 17:39:55,819 INFO spring.datasource.platform:mysql

2021-11-11 17:40:13,215 WARN DumpService start

2021-11-11 17:40:13,220 INFO start clear all config-info.

2021-11-11 17:40:13,222 WARN clear all config-info failed.

2021-11-11 17:40:13,222 WARN clear all config-info-tenant failed.

2021-11-11 17:43:24,737 INFO notifyConnectTimeout:200

2021-11-11 17:43:24,741 INFO notifySocketTimeout:8000

2021-11-11 17:43:24,742 INFO isHealthCheck:true

2021-11-11 17:43:24,743 INFO maxHealthCheckFailCount:12

2021-11-11 17:43:24,744 INFO maxContent:10485760

2021-11-11 17:43:24,746 INFO spring.datasource.platform:mysql

2021-11-11 17:43:42,011 WARN DumpService start

2021-11-11 17:43:42,015 INFO start clear all config-info.

2021-11-11 17:43:42,017 WARN clear all config-info failed.

2021-11-11 17:43:42,018 WARN clear all config-info-tenant failed.

