2021-11-11 17:40:14,187 INFO Connection check task start

2021-11-11 17:40:14,199 INFO Total count =0, sdkCount=0,clusterCount=0, currentLimit=-1, toExpelCount=0

2021-11-11 17:40:14,200 INFO Check over limit for ip limit rule, over limit ip count=0

2021-11-11 17:40:14,201 INFO Out dated connection ,size=0

2021-11-11 17:40:14,202 INFO Connection check task end

2021-11-11 17:40:17,203 INFO Connection check task start

2021-11-11 17:40:17,206 INFO Total count =0, sdkCount=0,clusterCount=0, currentLimit=-1, toExpelCount=0

2021-11-11 17:40:17,207 INFO Check over limit for ip limit rule, over limit ip count=0

2021-11-11 17:40:17,209 INFO Out dated connection ,size=0

2021-11-11 17:40:17,210 INFO Connection check task end

2021-11-11 17:40:20,211 INFO Connection check task start

2021-11-11 17:40:20,214 INFO Total count =0, sdkCount=0,clusterCount=0, currentLimit=-1, toExpelCount=0

2021-11-11 17:40:20,216 INFO Check over limit for ip limit rule, over limit ip count=0

2021-11-11 17:40:20,217 INFO Out dated connection ,size=0

2021-11-11 17:40:20,218 INFO Connection check task end

2021-11-11 17:40:23,219 INFO Connection check task start

2021-11-11 17:40:23,222 INFO Total count =0, sdkCount=0,clusterCount=0, currentLimit=-1, toExpelCount=0

2021-11-11 17:40:23,223 INFO Check over limit for ip limit rule, over limit ip count=0

2021-11-11 17:40:23,224 INFO Out dated connection ,size=0

2021-11-11 17:40:23,225 INFO Connection check task end

2021-11-11 17:40:26,204 INFO Connection check task start

2021-11-11 17:40:26,206 INFO Total count =0, sdkCount=0,clusterCount=0, currentLimit=-1, toExpelCount=0

2021-11-11 17:40:26,208 INFO Check over limit for ip limit rule, over limit ip count=0

2021-11-11 17:40:26,209 INFO Out dated connection ,size=0

2021-11-11 17:40:26,210 INFO Connection check task end

2021-11-11 17:40:29,211 INFO Connection check task start

2021-11-11 17:40:29,213 INFO Total count =0, sdkCount=0,clusterCount=0, currentLimit=-1, toExpelCount=0

2021-11-11 17:40:29,214 INFO Check over limit for ip limit rule, over limit ip count=0

2021-11-11 17:40:29,215 INFO Out dated connection ,size=0

2021-11-11 17:40:29,216 INFO Connection check task end

2021-11-11 17:40:32,218 INFO Connection check task start

2021-11-11 17:40:32,222 INFO Total count =0, sdkCount=0,clusterCount=0, currentLimit=-1, toExpelCount=0

2021-11-11 17:40:32,224 INFO Check over limit for ip limit rule, over limit ip count=0

2021-11-11 17:40:32,226 INFO Out dated connection ,size=0

2021-11-11 17:40:32,227 INFO Connection check task end

2021-11-11 17:40:35,228 INFO Connection check task start

2021-11-11 17:40:35,230 INFO Total count =0, sdkCount=0,clusterCount=0, currentLimit=-1, toExpelCount=0

2021-11-11 17:40:35,231 INFO Check over limit for ip limit rule, over limit ip count=0

2021-11-11 17:40:35,232 INFO Out dated connection ,size=0

2021-11-11 17:40:35,232 INFO Connection check task end

2021-11-11 17:40:38,234 INFO Connection check task start

2021-11-11 17:40:38,236 INFO Total count =0, sdkCount=0,clusterCount=0, currentLimit=-1, toExpelCount=0

2021-11-11 17:40:38,238 INFO Check over limit for ip limit rule, over limit ip count=0

2021-11-11 17:40:38,239 INFO Out dated connection ,size=0

2021-11-11 17:40:38,240 INFO Connection check task end

2021-11-11 17:40:41,243 INFO Connection check task start

2021-11-11 17:40:41,246 INFO Total count =0, sdkCount=0,clusterCount=0, currentLimit=-1, toExpelCount=0

2021-11-11 17:40:41,247 INFO Check over limit for ip limit rule, over limit ip count=0

2021-11-11 17:40:41,249 INFO Out dated connection ,size=0

2021-11-11 17:40:41,251 INFO Connection check task end

2021-11-11 17:40:44,253 INFO Connection check task start

2021-11-11 17:40:44,255 INFO Total count =0, sdkCount=0,clusterCount=0, currentLimit=-1, toExpelCount=0

2021-11-11 17:40:44,257 INFO Check over limit for ip limit rule, over limit ip count=0

2021-11-11 17:40:44,258 INFO Out dated connection ,size=0

2021-11-11 17:40:44,259 INFO Connection check task end

2021-11-11 17:40:47,262 INFO Connection check task start

2021-11-11 17:40:47,265 INFO Total count =0, sdkCount=0,clusterCount=0, currentLimit=-1, toExpelCount=0

2021-11-11 17:40:47,267 INFO Check over limit for ip limit rule, over limit ip count=0

2021-11-11 17:40:47,268 INFO Out dated connection ,size=0

2021-11-11 17:40:47,268 INFO Connection check task end

2021-11-11 17:40:50,271 INFO Connection check task start

2021-11-11 17:40:50,274 INFO Total count =0, sdkCount=0,clusterCount=0, currentLimit=-1, toExpelCount=0

2021-11-11 17:40:50,276 INFO Check over limit for ip limit rule, over limit ip count=0

2021-11-11 17:40:50,277 INFO Out dated connection ,size=0

2021-11-11 17:40:50,279 INFO Connection check task end

2021-11-11 17:40:53,285 INFO Connection check task start

2021-11-11 17:40:53,288 INFO Total count =0, sdkCount=0,clusterCount=0, currentLimit=-1, toExpelCount=0

2021-11-11 17:40:53,289 INFO Check over limit for ip limit rule, over limit ip count=0

2021-11-11 17:40:53,290 INFO Out dated connection ,size=0

2021-11-11 17:40:53,291 INFO Connection check task end

2021-11-11 17:40:56,268 INFO Connection check task start

2021-11-11 17:40:56,271 INFO Total count =0, sdkCount=0,clusterCount=0, currentLimit=-1, toExpelCount=0

2021-11-11 17:40:56,273 INFO Check over limit for ip limit rule, over limit ip count=0

2021-11-11 17:40:56,274 INFO Out dated connection ,size=0

2021-11-11 17:40:56,276 INFO Connection check task end

2021-11-11 17:40:59,277 INFO Connection check task start

2021-11-11 17:40:59,280 INFO Total count =0, sdkCount=0,clusterCount=0, currentLimit=-1, toExpelCount=0

2021-11-11 17:40:59,281 INFO Check over limit for ip limit rule, over limit ip count=0

2021-11-11 17:40:59,281 INFO Out dated connection ,size=0

2021-11-11 17:40:59,282 INFO Connection check task end

2021-11-11 17:41:02,283 INFO Connection check task start

2021-11-11 17:41:02,285 INFO Total count =0, sdkCount=0,clusterCount=0, currentLimit=-1, toExpelCount=0

2021-11-11 17:41:02,287 INFO Check over limit for ip limit rule, over limit ip count=0

2021-11-11 17:41:02,288 INFO Out dated connection ,size=0

2021-11-11 17:41:02,289 INFO Connection check task end

2021-11-11 17:41:05,291 INFO Connection check task start

2021-11-11 17:41:05,293 INFO Total count =0, sdkCount=0,clusterCount=0, currentLimit=-1, toExpelCount=0

2021-11-11 17:41:05,294 INFO Check over limit for ip limit rule, over limit ip count=0

2021-11-11 17:41:05,295 INFO Out dated connection ,size=0

2021-11-11 17:41:05,296 INFO Connection check task end

2021-11-11 17:41:08,297 INFO Connection check task start

2021-11-11 17:41:08,300 INFO Total count =0, sdkCount=0,clusterCount=0, currentLimit=-1, toExpelCount=0

2021-11-11 17:41:08,301 INFO Check over limit for ip limit rule, over limit ip count=0

2021-11-11 17:41:08,302 INFO Out dated connection ,size=0

2021-11-11 17:41:08,303 INFO Connection check task end

2021-11-11 17:41:11,305 INFO Connection check task start

2021-11-11 17:41:11,308 INFO Total count =0, sdkCount=0,clusterCount=0, currentLimit=-1, toExpelCount=0

2021-11-11 17:41:11,309 INFO Check over limit for ip limit rule, over limit ip count=0

2021-11-11 17:41:11,310 INFO Out dated connection ,size=0

2021-11-11 17:41:11,311 INFO Connection check task end

2021-11-11 17:41:14,313 INFO Connection check task start

2021-11-11 17:41:14,316 INFO Total count =0, sdkCount=0,clusterCount=0, currentLimit=-1, toExpelCount=0

2021-11-11 17:41:14,317 INFO Check over limit for ip limit rule, over limit ip count=0

2021-11-11 17:41:14,318 INFO Out dated connection ,size=0

2021-11-11 17:41:14,320 INFO Connection check task end

2021-11-11 17:41:17,321 INFO Connection check task start

2021-11-11 17:41:17,324 INFO Total count =0, sdkCount=0,clusterCount=0, currentLimit=-1, toExpelCount=0

2021-11-11 17:41:17,326 INFO Check over limit for ip limit rule, over limit ip count=0

2021-11-11 17:41:17,327 INFO Out dated connection ,size=0

2021-11-11 17:41:17,328 INFO Connection check task end

2021-11-11 17:41:20,331 INFO Connection check task start

2021-11-11 17:41:20,334 INFO Total count =0, sdkCount=0,clusterCount=0, currentLimit=-1, toExpelCount=0

2021-11-11 17:41:20,336 INFO Check over limit for ip limit rule, over limit ip count=0

2021-11-11 17:41:20,337 INFO Out dated connection ,size=0

2021-11-11 17:41:20,339 INFO Connection check task end

2021-11-11 17:41:23,340 INFO Connection check task start

2021-11-11 17:41:23,343 INFO Total count =0, sdkCount=0,clusterCount=0, currentLimit=-1, toExpelCount=0

2021-11-11 17:41:23,346 INFO Check over limit for ip limit rule, over limit ip count=0

2021-11-11 17:41:23,347 INFO Out dated connection ,size=0

2021-11-11 17:41:23,348 INFO Connection check task end

2021-11-11 17:41:26,315 INFO Connection check task start

2021-11-11 17:41:26,318 INFO Total count =0, sdkCount=0,clusterCount=0, currentLimit=-1, toExpelCount=0

2021-11-11 17:41:26,320 INFO Check over limit for ip limit rule, over limit ip count=0

2021-11-11 17:41:26,320 INFO Out dated connection ,size=0

2021-11-11 17:41:26,322 INFO Connection check task end

2021-11-11 17:41:29,323 INFO Connection check task start

2021-11-11 17:41:29,326 INFO Total count =0, sdkCount=0,clusterCount=0, currentLimit=-1, toExpelCount=0

2021-11-11 17:41:29,327 INFO Check over limit for ip limit rule, over limit ip count=0

2021-11-11 17:41:29,329 INFO Out dated connection ,size=0

2021-11-11 17:41:29,330 INFO Connection check task end

2021-11-11 17:41:32,332 INFO Connection check task start

2021-11-11 17:41:32,337 INFO Total count =0, sdkCount=0,clusterCount=0, currentLimit=-1, toExpelCount=0

2021-11-11 17:41:32,341 INFO Check over limit for ip limit rule, over limit ip count=0

2021-11-11 17:41:32,341 INFO Out dated connection ,size=0

2021-11-11 17:41:32,343 INFO Connection check task end

2021-11-11 17:41:35,344 INFO Connection check task start

2021-11-11 17:41:35,346 INFO Total count =0, sdkCount=0,clusterCount=0, currentLimit=-1, toExpelCount=0

2021-11-11 17:41:35,347 INFO Check over limit for ip limit rule, over limit ip count=0

2021-11-11 17:41:35,348 INFO Out dated connection ,size=0

2021-11-11 17:41:35,349 INFO Connection check task end

2021-11-11 17:41:38,352 INFO Connection check task start

2021-11-11 17:41:38,355 INFO Total count =0, sdkCount=0,clusterCount=0, currentLimit=-1, toExpelCount=0

2021-11-11 17:41:38,357 INFO Check over limit for ip limit rule, over limit ip count=0

2021-11-11 17:41:38,358 INFO Out dated connection ,size=0

2021-11-11 17:41:38,359 INFO Connection check task end

2021-11-11 17:41:41,361 INFO Connection check task start

2021-11-11 17:41:41,364 INFO Total count =0, sdkCount=0,clusterCount=0, currentLimit=-1, toExpelCount=0

2021-11-11 17:41:41,365 INFO Check over limit for ip limit rule, over limit ip count=0

2021-11-11 17:41:41,367 INFO Out dated connection ,size=0

2021-11-11 17:41:41,368 INFO Connection check task end

2021-11-11 17:41:44,370 INFO Connection check task start

2021-11-11 17:41:44,374 INFO Total count =0, sdkCount=0,clusterCount=0, currentLimit=-1, toExpelCount=0

2021-11-11 17:41:44,375 INFO Check over limit for ip limit rule, over limit ip count=0

2021-11-11 17:41:44,377 INFO Out dated connection ,size=0

2021-11-11 17:41:44,378 INFO Connection check task end

2021-11-11 17:41:47,380 INFO Connection check task start

2021-11-11 17:41:47,381 INFO Total count =0, sdkCount=0,clusterCount=0, currentLimit=-1, toExpelCount=0

2021-11-11 17:41:47,382 INFO Check over limit for ip limit rule, over limit ip count=0

2021-11-11 17:41:47,383 INFO Out dated connection ,size=0

2021-11-11 17:41:47,383 INFO Connection check task end

2021-11-11 17:41:50,385 INFO Connection check task start

2021-11-11 17:41:50,388 INFO Total count =0, sdkCount=0,clusterCount=0, currentLimit=-1, toExpelCount=0

2021-11-11 17:41:50,390 INFO Check over limit for ip limit rule, over limit ip count=0

2021-11-11 17:41:50,390 INFO Out dated connection ,size=0

2021-11-11 17:41:50,392 INFO Connection check task end

2021-11-11 17:41:53,393 INFO Connection check task start

2021-11-11 17:41:53,395 INFO Total count =0, sdkCount=0,clusterCount=0, currentLimit=-1, toExpelCount=0

2021-11-11 17:41:53,395 INFO Check over limit for ip limit rule, over limit ip count=0

2021-11-11 17:41:53,398 INFO Out dated connection ,size=0

2021-11-11 17:41:53,399 INFO Connection check task end

2021-11-11 17:41:56,375 INFO Connection check task start

2021-11-11 17:41:56,378 INFO Total count =0, sdkCount=0,clusterCount=0, currentLimit=-1, toExpelCount=0

2021-11-11 17:41:56,380 INFO Check over limit for ip limit rule, over limit ip count=0

2021-11-11 17:41:56,381 INFO Out dated connection ,size=0

2021-11-11 17:41:56,382 INFO Connection check task end

2021-11-11 17:41:59,384 INFO Connection check task start

2021-11-11 17:41:59,387 INFO Total count =0, sdkCount=0,clusterCount=0, currentLimit=-1, toExpelCount=0

2021-11-11 17:41:59,388 INFO Check over limit for ip limit rule, over limit ip count=0

2021-11-11 17:41:59,389 INFO Out dated connection ,size=0

2021-11-11 17:41:59,390 INFO Connection check task end

2021-11-11 17:42:02,392 INFO Connection check task start

2021-11-11 17:42:02,394 INFO Total count =0, sdkCount=0,clusterCount=0, currentLimit=-1, toExpelCount=0

2021-11-11 17:42:02,396 INFO Check over limit for ip limit rule, over limit ip count=0

2021-11-11 17:42:02,397 INFO Out dated connection ,size=0

2021-11-11 17:42:02,399 INFO Connection check task end

2021-11-11 17:42:05,400 INFO Connection check task start

2021-11-11 17:42:05,403 INFO Total count =0, sdkCount=0,clusterCount=0, currentLimit=-1, toExpelCount=0

2021-11-11 17:42:05,404 INFO Check over limit for ip limit rule, over limit ip count=0

2021-11-11 17:42:05,406 INFO Out dated connection ,size=0

2021-11-11 17:42:05,406 INFO Connection check task end

2021-11-11 17:42:08,408 INFO Connection check task start

2021-11-11 17:42:08,410 INFO Total count =0, sdkCount=0,clusterCount=0, currentLimit=-1, toExpelCount=0

2021-11-11 17:42:08,412 INFO Check over limit for ip limit rule, over limit ip count=0

2021-11-11 17:42:08,413 INFO Out dated connection ,size=0

2021-11-11 17:42:08,414 INFO Connection check task end

2021-11-11 17:42:11,417 INFO Connection check task start

2021-11-11 17:42:11,422 INFO Total count =0, sdkCount=0,clusterCount=0, currentLimit=-1, toExpelCount=0

2021-11-11 17:42:11,423 INFO Check over limit for ip limit rule, over limit ip count=0

2021-11-11 17:42:11,423 INFO Out dated connection ,size=0

2021-11-11 17:42:11,424 INFO Connection check task end

2021-11-11 17:42:14,426 INFO Connection check task start

2021-11-11 17:42:14,431 INFO Total count =0, sdkCount=0,clusterCount=0, currentLimit=-1, toExpelCount=0

2021-11-11 17:42:14,434 INFO Check over limit for ip limit rule, over limit ip count=0

2021-11-11 17:42:14,434 INFO Out dated connection ,size=0

2021-11-11 17:42:14,435 INFO Connection check task end

2021-11-11 17:42:17,436 INFO Connection check task start

2021-11-11 17:42:17,439 INFO Total count =0, sdkCount=0,clusterCount=0, currentLimit=-1, toExpelCount=0

2021-11-11 17:42:17,441 INFO Check over limit for ip limit rule, over limit ip count=0

2021-11-11 17:42:17,443 INFO Out dated connection ,size=0

2021-11-11 17:42:17,444 INFO Connection check task end

2021-11-11 17:42:20,445 INFO Connection check task start

2021-11-11 17:42:20,447 INFO Total count =0, sdkCount=0,clusterCount=0, currentLimit=-1, toExpelCount=0

2021-11-11 17:42:20,449 INFO Check over limit for ip limit rule, over limit ip count=0

2021-11-11 17:42:20,450 INFO Out dated connection ,size=0

2021-11-11 17:42:20,451 INFO Connection check task end

2021-11-11 17:42:23,453 INFO Connection check task start

2021-11-11 17:42:23,456 INFO Total count =0, sdkCount=0,clusterCount=0, currentLimit=-1, toExpelCount=0

2021-11-11 17:42:23,457 INFO Check over limit for ip limit rule, over limit ip count=0

2021-11-11 17:42:23,458 INFO Out dated connection ,size=0

2021-11-11 17:42:23,458 INFO Connection check task end

2021-11-11 17:42:26,439 INFO Connection check task start

2021-11-11 17:42:26,441 INFO Total count =0, sdkCount=0,clusterCount=0, currentLimit=-1, toExpelCount=0

2021-11-11 17:42:26,443 INFO Check over limit for ip limit rule, over limit ip count=0

2021-11-11 17:42:26,444 INFO Out dated connection ,size=0

2021-11-11 17:42:26,446 INFO Connection check task end

2021-11-11 17:42:29,448 INFO Connection check task start

2021-11-11 17:42:29,451 INFO Total count =0, sdkCount=0,clusterCount=0, currentLimit=-1, toExpelCount=0

2021-11-11 17:42:29,452 INFO Check over limit for ip limit rule, over limit ip count=0

2021-11-11 17:42:29,453 INFO Out dated connection ,size=0

2021-11-11 17:42:29,454 INFO Connection check task end

2021-11-11 17:42:32,455 INFO Connection check task start

2021-11-11 17:42:32,458 INFO Total count =0, sdkCount=0,clusterCount=0, currentLimit=-1, toExpelCount=0

2021-11-11 17:42:32,459 INFO Check over limit for ip limit rule, over limit ip count=0

2021-11-11 17:42:32,459 INFO Out dated connection ,size=0

2021-11-11 17:42:32,460 INFO Connection check task end

2021-11-11 17:42:35,463 INFO Connection check task start

2021-11-11 17:42:35,466 INFO Total count =0, sdkCount=0,clusterCount=0, currentLimit=-1, toExpelCount=0

2021-11-11 17:42:35,466 INFO Check over limit for ip limit rule, over limit ip count=0

2021-11-11 17:42:35,467 INFO Out dated connection ,size=0

2021-11-11 17:42:35,468 INFO Connection check task end

2021-11-11 17:42:38,470 INFO Connection check task start

2021-11-11 17:42:38,472 INFO Total count =0, sdkCount=0,clusterCount=0, currentLimit=-1, toExpelCount=0

2021-11-11 17:42:38,474 INFO Check over limit for ip limit rule, over limit ip count=0

2021-11-11 17:42:38,475 INFO Out dated connection ,size=0

2021-11-11 17:42:38,477 INFO Connection check task end

2021-11-11 17:42:41,478 INFO Connection check task start

2021-11-11 17:42:41,481 INFO Total count =0, sdkCount=0,clusterCount=0, currentLimit=-1, toExpelCount=0

2021-11-11 17:42:41,482 INFO Check over limit for ip limit rule, over limit ip count=0

2021-11-11 17:42:41,484 INFO Out dated connection ,size=0

2021-11-11 17:42:41,484 INFO Connection check task end

2021-11-11 17:42:44,488 INFO Connection check task start

2021-11-11 17:42:44,490 INFO Total count =0, sdkCount=0,clusterCount=0, currentLimit=-1, toExpelCount=0

2021-11-11 17:42:44,492 INFO Check over limit for ip limit rule, over limit ip count=0

2021-11-11 17:42:44,493 INFO Out dated connection ,size=0

2021-11-11 17:42:44,494 INFO Connection check task end

2021-11-11 17:43:42,984 INFO Connection check task start

2021-11-11 17:43:42,993 INFO Total count =0, sdkCount=0,clusterCount=0, currentLimit=-1, toExpelCount=0

2021-11-11 17:43:42,994 INFO Check over limit for ip limit rule, over limit ip count=0

2021-11-11 17:43:42,995 INFO Out dated connection ,size=0

2021-11-11 17:43:42,996 INFO Connection check task end

2021-11-11 17:43:45,998 INFO Connection check task start

2021-11-11 17:43:46,002 INFO Total count =0, sdkCount=0,clusterCount=0, currentLimit=-1, toExpelCount=0

2021-11-11 17:43:46,003 INFO Check over limit for ip limit rule, over limit ip count=0

2021-11-11 17:43:46,005 INFO Out dated connection ,size=0

2021-11-11 17:43:46,006 INFO Connection check task end

2021-11-11 17:43:49,007 INFO Connection check task start

2021-11-11 17:43:49,010 INFO Total count =0, sdkCount=0,clusterCount=0, currentLimit=-1, toExpelCount=0

2021-11-11 17:43:49,012 INFO Check over limit for ip limit rule, over limit ip count=0

2021-11-11 17:43:49,013 INFO Out dated connection ,size=0

2021-11-11 17:43:49,015 INFO Connection check task end

2021-11-11 17:43:52,017 INFO Connection check task start

2021-11-11 17:43:52,019 INFO Total count =0, sdkCount=0,clusterCount=0, currentLimit=-1, toExpelCount=0

2021-11-11 17:43:52,020 INFO Check over limit for ip limit rule, over limit ip count=0

2021-11-11 17:43:52,021 INFO Out dated connection ,size=0

2021-11-11 17:43:52,022 INFO Connection check task end

2021-11-11 17:43:55,001 INFO Connection check task start

2021-11-11 17:43:55,004 INFO Total count =0, sdkCount=0,clusterCount=0, currentLimit=-1, toExpelCount=0

2021-11-11 17:43:55,006 INFO Check over limit for ip limit rule, over limit ip count=0

2021-11-11 17:43:55,007 INFO Out dated connection ,size=0

2021-11-11 17:43:55,009 INFO Connection check task end

2021-11-11 17:43:58,011 INFO Connection check task start

2021-11-11 17:43:58,013 INFO Total count =0, sdkCount=0,clusterCount=0, currentLimit=-1, toExpelCount=0

2021-11-11 17:43:58,015 INFO Check over limit for ip limit rule, over limit ip count=0

2021-11-11 17:43:58,016 INFO Out dated connection ,size=0

2021-11-11 17:43:58,017 INFO Connection check task end

2021-11-11 17:44:01,018 INFO Connection check task start

2021-11-11 17:44:01,020 INFO Total count =0, sdkCount=0,clusterCount=0, currentLimit=-1, toExpelCount=0

2021-11-11 17:44:01,022 INFO Check over limit for ip limit rule, over limit ip count=0

2021-11-11 17:44:01,023 INFO Out dated connection ,size=0

2021-11-11 17:44:01,025 INFO Connection check task end

2021-11-11 17:44:04,026 INFO Connection check task start

2021-11-11 17:44:04,029 INFO Total count =0, sdkCount=0,clusterCount=0, currentLimit=-1, toExpelCount=0

2021-11-11 17:44:04,030 INFO Check over limit for ip limit rule, over limit ip count=0

2021-11-11 17:44:04,031 INFO Out dated connection ,size=0

2021-11-11 17:44:04,032 INFO Connection check task end

2021-11-11 17:44:07,034 INFO Connection check task start

2021-11-11 17:44:07,037 INFO Total count =0, sdkCount=0,clusterCount=0, currentLimit=-1, toExpelCount=0

2021-11-11 17:44:07,038 INFO Check over limit for ip limit rule, over limit ip count=0

2021-11-11 17:44:07,039 INFO Out dated connection ,size=0

2021-11-11 17:44:07,040 INFO Connection check task end

